Using device: cuda
계산된 입구 속도 U = 1.000000 m/s, Reynolds 수 = 20.0
MLP 기반 PINN 훈련 시작...
/mnt/home/ddfe/.conda/envs/JJW/lib/python3.10/site-packages/torch/autograd/graph.py:823: UserWarning: Attempting to run cuBLAS, but there was no current CUDA context! Attempting to set the primary context... (Triggered internally at /pytorch/aten/src/ATen/cuda/CublasHandlePool.cpp:180.)
  return Variable._execution_engine.run_backward(  # Calls into the C++ engine to run the backward pass
Epoch 0, Total Loss: 6.2453e-01, PDE Loss: 1.2507e-04, BC Loss: 6.1521e-01, Time: 0.15s
Epoch 100, Total Loss: 4.8380e-01, PDE Loss: 1.0194e-02, BC Loss: 4.2042e-01, Time: 4.27s
Epoch 200, Total Loss: 4.5102e-01, PDE Loss: 1.7517e-02, BC Loss: 3.8756e-01, Time: 4.27s
Epoch 300, Total Loss: 4.5249e-01, PDE Loss: 1.8612e-02, BC Loss: 3.8680e-01, Time: 4.27s
Epoch 400, Total Loss: 4.3885e-01, PDE Loss: 1.7298e-02, BC Loss: 3.7695e-01, Time: 4.28s
Epoch 500, Total Loss: 4.2143e-01, PDE Loss: 8.6527e-03, BC Loss: 3.7570e-01, Time: 4.29s
Epoch 600, Total Loss: 4.2159e-01, PDE Loss: 1.4932e-02, BC Loss: 3.6383e-01, Time: 4.29s
Epoch 700, Total Loss: 4.2563e-01, PDE Loss: 1.7064e-02, BC Loss: 3.5471e-01, Time: 4.29s
Epoch 800, Total Loss: 4.0082e-01, PDE Loss: 9.2932e-03, BC Loss: 3.4775e-01, Time: 4.29s
Epoch 900, Total Loss: 4.0074e-01, PDE Loss: 1.4329e-02, BC Loss: 3.3911e-01, Time: 4.29s
Epoch 1000, Total Loss: 3.9216e-01, PDE Loss: 7.3061e-03, BC Loss: 3.4093e-01, Time: 4.29s
Epoch 1100, Total Loss: 3.8313e-01, PDE Loss: 7.8703e-03, BC Loss: 3.2151e-01, Time: 4.29s
Epoch 1200, Total Loss: 3.7824e-01, PDE Loss: 7.9768e-03, BC Loss: 3.2181e-01, Time: 4.29s
Epoch 1300, Total Loss: 3.8036e-01, PDE Loss: 1.3148e-02, BC Loss: 3.1432e-01, Time: 4.29s
Epoch 1400, Total Loss: 3.7727e-01, PDE Loss: 1.2010e-02, BC Loss: 3.1354e-01, Time: 4.29s
Epoch 1500, Total Loss: 3.6943e-01, PDE Loss: 7.0710e-03, BC Loss: 3.0671e-01, Time: 4.29s
Epoch 1600, Total Loss: 3.7486e-01, PDE Loss: 1.5137e-02, BC Loss: 3.0743e-01, Time: 4.29s
Epoch 1700, Total Loss: 3.7061e-01, PDE Loss: 9.8753e-03, BC Loss: 3.0338e-01, Time: 4.29s
Epoch 1800, Total Loss: 3.6705e-01, PDE Loss: 9.5674e-03, BC Loss: 2.9936e-01, Time: 4.28s
Epoch 1900, Total Loss: 3.8736e-01, PDE Loss: 1.8727e-02, BC Loss: 2.9879e-01, Time: 4.27s
Epoch 2000, Total Loss: 3.5059e-01, PDE Loss: 7.9524e-03, BC Loss: 2.9925e-01, Time: 4.27s
Epoch 2100, Total Loss: 3.8329e-01, PDE Loss: 2.4247e-02, BC Loss: 3.0374e-01, Time: 4.27s
Epoch 2200, Total Loss: 3.6401e-01, PDE Loss: 1.7232e-02, BC Loss: 2.9344e-01, Time: 4.27s
Epoch 2300, Total Loss: 3.5681e-01, PDE Loss: 1.0205e-02, BC Loss: 2.9643e-01, Time: 4.28s
Epoch 2400, Total Loss: 3.4790e-01, PDE Loss: 6.6113e-03, BC Loss: 2.9798e-01, Time: 4.30s
Epoch 2500, Total Loss: 3.6461e-01, PDE Loss: 1.8151e-02, BC Loss: 2.8836e-01, Time: 4.30s
Epoch 2600, Total Loss: 3.4941e-01, PDE Loss: 1.2195e-02, BC Loss: 2.9908e-01, Time: 4.30s
Epoch 2700, Total Loss: 3.5551e-01, PDE Loss: 9.8427e-03, BC Loss: 2.9564e-01, Time: 4.30s
Epoch 2800, Total Loss: 3.4999e-01, PDE Loss: 1.1867e-02, BC Loss: 2.9318e-01, Time: 4.30s
Epoch 2900, Total Loss: 3.5094e-01, PDE Loss: 1.0081e-02, BC Loss: 2.9867e-01, Time: 4.30s
Epoch 3000, Total Loss: 3.5606e-01, PDE Loss: 1.3279e-02, BC Loss: 2.9495e-01, Time: 4.30s
Epoch 3100, Total Loss: 3.3356e-01, PDE Loss: 7.6705e-03, BC Loss: 2.8551e-01, Time: 4.30s
Epoch 3200, Total Loss: 3.4855e-01, PDE Loss: 1.1498e-02, BC Loss: 2.9038e-01, Time: 4.30s
Epoch 3300, Total Loss: 3.5415e-01, PDE Loss: 1.5912e-02, BC Loss: 2.9168e-01, Time: 4.30s
Epoch 3400, Total Loss: 3.3005e-01, PDE Loss: 6.0281e-03, BC Loss: 2.8205e-01, Time: 4.30s
Epoch 3500, Total Loss: 3.5330e-01, PDE Loss: 1.3741e-02, BC Loss: 2.9075e-01, Time: 4.30s
Epoch 3600, Total Loss: 3.5933e-01, PDE Loss: 1.4304e-02, BC Loss: 2.9494e-01, Time: 4.30s
Epoch 3700, Total Loss: 3.4587e-01, PDE Loss: 1.3944e-02, BC Loss: 2.8756e-01, Time: 4.30s
Epoch 3800, Total Loss: 3.4455e-01, PDE Loss: 1.1104e-02, BC Loss: 2.8680e-01, Time: 4.30s
Epoch 3900, Total Loss: 3.3867e-01, PDE Loss: 6.7912e-03, BC Loss: 2.9231e-01, Time: 4.30s
Epoch 4000, Total Loss: 3.4699e-01, PDE Loss: 1.1709e-02, BC Loss: 2.8463e-01, Time: 4.29s
Epoch 4100, Total Loss: 3.4779e-01, PDE Loss: 1.7125e-02, BC Loss: 2.7969e-01, Time: 4.27s
Epoch 4200, Total Loss: 3.4068e-01, PDE Loss: 1.3247e-02, BC Loss: 2.8358e-01, Time: 4.27s
Epoch 4300, Total Loss: 3.5189e-01, PDE Loss: 1.8521e-02, BC Loss: 2.9307e-01, Time: 4.27s
Epoch 4400, Total Loss: 3.3767e-01, PDE Loss: 5.6325e-03, BC Loss: 2.8410e-01, Time: 4.27s
Epoch 4500, Total Loss: 3.4929e-01, PDE Loss: 1.8205e-02, BC Loss: 2.8871e-01, Time: 4.28s
Epoch 4600, Total Loss: 3.4807e-01, PDE Loss: 1.4242e-02, BC Loss: 2.8992e-01, Time: 4.30s
Epoch 4700, Total Loss: 3.4134e-01, PDE Loss: 1.0263e-02, BC Loss: 2.8446e-01, Time: 4.30s
Epoch 4800, Total Loss: 3.5066e-01, PDE Loss: 1.4602e-02, BC Loss: 2.8554e-01, Time: 4.30s
Epoch 4900, Total Loss: 3.3731e-01, PDE Loss: 9.0578e-03, BC Loss: 2.8306e-01, Time: 4.30s
Epoch 5000, Total Loss: 3.4454e-01, PDE Loss: 1.3271e-02, BC Loss: 2.8302e-01, Time: 4.30s
Epoch 5100, Total Loss: 3.4104e-01, PDE Loss: 1.3127e-02, BC Loss: 2.8164e-01, Time: 4.30s
Epoch 5200, Total Loss: 3.3998e-01, PDE Loss: 1.3474e-02, BC Loss: 2.8242e-01, Time: 4.30s
Epoch 5300, Total Loss: 3.3121e-01, PDE Loss: 9.4757e-03, BC Loss: 2.7950e-01, Time: 4.30s
Epoch 5400, Total Loss: 3.4032e-01, PDE Loss: 1.0153e-02, BC Loss: 2.8044e-01, Time: 4.30s
Epoch 5500, Total Loss: 3.3905e-01, PDE Loss: 1.5947e-02, BC Loss: 2.7861e-01, Time: 4.30s
Epoch 5600, Total Loss: 3.4437e-01, PDE Loss: 1.5309e-02, BC Loss: 2.8145e-01, Time: 4.30s
Epoch 5700, Total Loss: 3.2568e-01, PDE Loss: 7.6827e-03, BC Loss: 2.8176e-01, Time: 4.30s
Epoch 5800, Total Loss: 3.2424e-01, PDE Loss: 7.2642e-03, BC Loss: 2.7957e-01, Time: 4.30s
Epoch 5900, Total Loss: 3.2487e-01, PDE Loss: 6.2060e-03, BC Loss: 2.8123e-01, Time: 4.30s
Epoch 6000, Total Loss: 3.3365e-01, PDE Loss: 1.3095e-02, BC Loss: 2.7646e-01, Time: 4.30s
Epoch 6100, Total Loss: 3.4381e-01, PDE Loss: 1.7707e-02, BC Loss: 2.8578e-01, Time: 4.30s
Epoch 6200, Total Loss: 3.3268e-01, PDE Loss: 1.3108e-02, BC Loss: 2.7400e-01, Time: 4.30s
Epoch 6300, Total Loss: 3.2654e-01, PDE Loss: 1.3316e-02, BC Loss: 2.7623e-01, Time: 4.30s
Epoch 6400, Total Loss: 3.4104e-01, PDE Loss: 1.5302e-02, BC Loss: 2.7746e-01, Time: 4.30s
Epoch 6500, Total Loss: 3.3379e-01, PDE Loss: 1.1540e-02, BC Loss: 2.8370e-01, Time: 4.30s
Epoch 6600, Total Loss: 3.3668e-01, PDE Loss: 1.1756e-02, BC Loss: 2.7946e-01, Time: 4.30s
Epoch 6700, Total Loss: 3.3710e-01, PDE Loss: 1.8897e-02, BC Loss: 2.7233e-01, Time: 4.30s
Epoch 6800, Total Loss: 3.3578e-01, PDE Loss: 1.7958e-02, BC Loss: 2.7554e-01, Time: 4.30s
Epoch 6900, Total Loss: 3.3969e-01, PDE Loss: 1.8777e-02, BC Loss: 2.7495e-01, Time: 4.30s
Epoch 7000, Total Loss: 3.4299e-01, PDE Loss: 1.6442e-02, BC Loss: 2.7508e-01, Time: 4.30s
Epoch 7100, Total Loss: 3.4643e-01, PDE Loss: 1.4784e-02, BC Loss: 2.7502e-01, Time: 4.30s
Epoch 7200, Total Loss: 3.2551e-01, PDE Loss: 7.9955e-03, BC Loss: 2.7664e-01, Time: 4.30s
Epoch 7300, Total Loss: 3.3922e-01, PDE Loss: 1.5025e-02, BC Loss: 2.7574e-01, Time: 4.30s
Epoch 7400, Total Loss: 3.4220e-01, PDE Loss: 1.3759e-02, BC Loss: 2.7820e-01, Time: 4.30s
Epoch 7500, Total Loss: 3.2844e-01, PDE Loss: 6.7271e-03, BC Loss: 2.7565e-01, Time: 4.30s
Epoch 7600, Total Loss: 3.4794e-01, PDE Loss: 2.6904e-02, BC Loss: 2.7942e-01, Time: 4.30s
Epoch 7700, Total Loss: 3.2389e-01, PDE Loss: 8.9309e-03, BC Loss: 2.7246e-01, Time: 4.30s
Epoch 7800, Total Loss: 3.2899e-01, PDE Loss: 1.1182e-02, BC Loss: 2.7002e-01, Time: 4.30s
Epoch 7900, Total Loss: 3.1307e-01, PDE Loss: 8.1476e-03, BC Loss: 2.6688e-01, Time: 4.30s
Epoch 8000, Total Loss: 3.3056e-01, PDE Loss: 1.0374e-02, BC Loss: 2.7559e-01, Time: 4.30s
Epoch 8100, Total Loss: 3.4227e-01, PDE Loss: 1.7138e-02, BC Loss: 2.6849e-01, Time: 4.30s
Epoch 8200, Total Loss: 3.2828e-01, PDE Loss: 1.1884e-02, BC Loss: 2.6957e-01, Time: 4.30s
Epoch 8300, Total Loss: 3.2858e-01, PDE Loss: 1.1862e-02, BC Loss: 2.7175e-01, Time: 4.30s
Epoch 8400, Total Loss: 3.1527e-01, PDE Loss: 7.9254e-03, BC Loss: 2.6951e-01, Time: 4.30s
Epoch 8500, Total Loss: 3.2589e-01, PDE Loss: 1.5294e-02, BC Loss: 2.6539e-01, Time: 4.30s
Epoch 8600, Total Loss: 3.1991e-01, PDE Loss: 1.0762e-02, BC Loss: 2.6645e-01, Time: 4.30s
Epoch 8700, Total Loss: 3.2650e-01, PDE Loss: 1.2110e-02, BC Loss: 2.6771e-01, Time: 4.30s
Epoch 8800, Total Loss: 3.1942e-01, PDE Loss: 1.1456e-02, BC Loss: 2.6727e-01, Time: 4.30s
Epoch 8900, Total Loss: 3.2790e-01, PDE Loss: 1.7250e-02, BC Loss: 2.6952e-01, Time: 4.30s
Epoch 9000, Total Loss: 3.2531e-01, PDE Loss: 1.4525e-02, BC Loss: 2.6654e-01, Time: 4.30s
Epoch 9100, Total Loss: 3.2026e-01, PDE Loss: 8.8373e-03, BC Loss: 2.7400e-01, Time: 4.30s
Epoch 9200, Total Loss: 3.1489e-01, PDE Loss: 6.3180e-03, BC Loss: 2.6749e-01, Time: 4.30s
Epoch 9300, Total Loss: 3.2835e-01, PDE Loss: 1.2479e-02, BC Loss: 2.7115e-01, Time: 4.30s
Epoch 9400, Total Loss: 3.2678e-01, PDE Loss: 1.4645e-02, BC Loss: 2.6440e-01, Time: 4.30s
Epoch 9500, Total Loss: 3.1295e-01, PDE Loss: 9.0109e-03, BC Loss: 2.5968e-01, Time: 4.30s
Epoch 9600, Total Loss: 3.1567e-01, PDE Loss: 1.3453e-02, BC Loss: 2.6210e-01, Time: 4.30s
Epoch 9700, Total Loss: 3.1671e-01, PDE Loss: 8.6145e-03, BC Loss: 2.6766e-01, Time: 4.30s
Epoch 9800, Total Loss: 3.0869e-01, PDE Loss: 5.9971e-03, BC Loss: 2.6351e-01, Time: 4.30s
Epoch 9900, Total Loss: 3.2145e-01, PDE Loss: 1.0267e-02, BC Loss: 2.6503e-01, Time: 4.30s
Epoch 10000, Total Loss: 3.3075e-01, PDE Loss: 1.7849e-02, BC Loss: 2.6570e-01, Time: 4.30s
Epoch 10100, Total Loss: 3.1297e-01, PDE Loss: 8.6499e-03, BC Loss: 2.6409e-01, Time: 4.30s
Epoch 10200, Total Loss: 3.1598e-01, PDE Loss: 1.1699e-02, BC Loss: 2.6425e-01, Time: 4.30s
Epoch 10300, Total Loss: 3.1192e-01, PDE Loss: 1.0825e-02, BC Loss: 2.6012e-01, Time: 4.30s
Epoch 10400, Total Loss: 3.1826e-01, PDE Loss: 1.7112e-02, BC Loss: 2.5976e-01, Time: 4.30s
Epoch 10500, Total Loss: 3.2807e-01, PDE Loss: 2.3895e-02, BC Loss: 2.5836e-01, Time: 4.30s
Epoch 10600, Total Loss: 3.1872e-01, PDE Loss: 1.6251e-02, BC Loss: 2.5941e-01, Time: 4.30s
Epoch 10700, Total Loss: 3.2160e-01, PDE Loss: 1.7853e-02, BC Loss: 2.6036e-01, Time: 4.30s
Epoch 10800, Total Loss: 3.1290e-01, PDE Loss: 9.5069e-03, BC Loss: 2.6245e-01, Time: 4.30s
Epoch 10900, Total Loss: 3.2503e-01, PDE Loss: 2.2661e-02, BC Loss: 2.5798e-01, Time: 4.30s
Epoch 11000, Total Loss: 3.1597e-01, PDE Loss: 1.2627e-02, BC Loss: 2.5857e-01, Time: 4.30s
Epoch 11100, Total Loss: 3.2200e-01, PDE Loss: 1.9995e-02, BC Loss: 2.6324e-01, Time: 4.30s
Epoch 11200, Total Loss: 3.1342e-01, PDE Loss: 1.3842e-02, BC Loss: 2.5849e-01, Time: 4.30s
Epoch 11300, Total Loss: 3.1573e-01, PDE Loss: 1.2522e-02, BC Loss: 2.6061e-01, Time: 4.30s
Epoch 11400, Total Loss: 3.0790e-01, PDE Loss: 8.2040e-03, BC Loss: 2.5990e-01, Time: 4.30s
Epoch 11500, Total Loss: 3.0470e-01, PDE Loss: 1.0116e-02, BC Loss: 2.5637e-01, Time: 4.30s
Epoch 11600, Total Loss: 3.0981e-01, PDE Loss: 1.0257e-02, BC Loss: 2.5737e-01, Time: 4.30s
Epoch 11700, Total Loss: 3.0945e-01, PDE Loss: 8.7544e-03, BC Loss: 2.5974e-01, Time: 4.30s
Epoch 11800, Total Loss: 3.1002e-01, PDE Loss: 8.5947e-03, BC Loss: 2.6132e-01, Time: 4.30s
Epoch 11900, Total Loss: 3.1449e-01, PDE Loss: 1.5708e-02, BC Loss: 2.5474e-01, Time: 4.30s
Epoch 12000, Total Loss: 3.1915e-01, PDE Loss: 1.6664e-02, BC Loss: 2.5731e-01, Time: 4.30s
Epoch 12100, Total Loss: 3.1704e-01, PDE Loss: 1.2060e-02, BC Loss: 2.5839e-01, Time: 4.30s
Epoch 12200, Total Loss: 3.1344e-01, PDE Loss: 1.4906e-02, BC Loss: 2.5765e-01, Time: 4.29s
Epoch 12300, Total Loss: 3.0847e-01, PDE Loss: 1.2306e-02, BC Loss: 2.5625e-01, Time: 4.30s
Epoch 12400, Total Loss: 3.1479e-01, PDE Loss: 1.2576e-02, BC Loss: 2.5856e-01, Time: 4.29s
Epoch 12500, Total Loss: 3.3040e-01, PDE Loss: 2.6236e-02, BC Loss: 2.5658e-01, Time: 4.30s
Epoch 12600, Total Loss: 3.1376e-01, PDE Loss: 1.6677e-02, BC Loss: 2.5272e-01, Time: 4.30s
Epoch 12700, Total Loss: 3.1242e-01, PDE Loss: 1.6142e-02, BC Loss: 2.5498e-01, Time: 4.30s
Epoch 12800, Total Loss: 3.0403e-01, PDE Loss: 7.3912e-03, BC Loss: 2.5635e-01, Time: 4.30s
Epoch 12900, Total Loss: 3.0412e-01, PDE Loss: 9.9382e-03, BC Loss: 2.5468e-01, Time: 4.30s
Epoch 13000, Total Loss: 3.1453e-01, PDE Loss: 1.5052e-02, BC Loss: 2.5465e-01, Time: 4.30s
Epoch 13100, Total Loss: 3.1226e-01, PDE Loss: 1.4247e-02, BC Loss: 2.5357e-01, Time: 4.29s
Epoch 13200, Total Loss: 3.1127e-01, PDE Loss: 1.4479e-02, BC Loss: 2.5702e-01, Time: 4.30s
Epoch 13300, Total Loss: 3.1814e-01, PDE Loss: 2.3167e-02, BC Loss: 2.5364e-01, Time: 4.30s
Epoch 13400, Total Loss: 3.2205e-01, PDE Loss: 2.3357e-02, BC Loss: 2.5260e-01, Time: 4.30s
Epoch 13500, Total Loss: 3.0707e-01, PDE Loss: 1.2320e-02, BC Loss: 2.5138e-01, Time: 4.30s
Epoch 13600, Total Loss: 3.0624e-01, PDE Loss: 1.0833e-02, BC Loss: 2.5431e-01, Time: 4.30s
Epoch 13700, Total Loss: 3.0558e-01, PDE Loss: 1.0549e-02, BC Loss: 2.5621e-01, Time: 4.29s
Epoch 13800, Total Loss: 3.1107e-01, PDE Loss: 1.3498e-02, BC Loss: 2.5540e-01, Time: 4.30s
Epoch 13900, Total Loss: 3.0792e-01, PDE Loss: 1.2292e-02, BC Loss: 2.5323e-01, Time: 4.30s
Epoch 14000, Total Loss: 3.3803e-01, PDE Loss: 3.6973e-02, BC Loss: 2.5745e-01, Time: 4.29s
Epoch 14100, Total Loss: 3.0489e-01, PDE Loss: 1.0458e-02, BC Loss: 2.5439e-01, Time: 4.29s
Epoch 14200, Total Loss: 3.2127e-01, PDE Loss: 2.3953e-02, BC Loss: 2.5140e-01, Time: 4.29s
Epoch 14300, Total Loss: 3.0456e-01, PDE Loss: 6.3807e-03, BC Loss: 2.5551e-01, Time: 4.29s
Epoch 14400, Total Loss: 3.1529e-01, PDE Loss: 1.7908e-02, BC Loss: 2.5350e-01, Time: 4.30s
Epoch 14500, Total Loss: 3.1748e-01, PDE Loss: 2.2587e-02, BC Loss: 2.5100e-01, Time: 4.30s
Epoch 14600, Total Loss: 3.1092e-01, PDE Loss: 1.3847e-02, BC Loss: 2.5096e-01, Time: 4.29s
Epoch 14700, Total Loss: 3.1346e-01, PDE Loss: 2.1960e-02, BC Loss: 2.5065e-01, Time: 4.29s
Epoch 14800, Total Loss: 3.0629e-01, PDE Loss: 1.5576e-02, BC Loss: 2.4870e-01, Time: 4.30s
Epoch 14900, Total Loss: 3.1322e-01, PDE Loss: 1.6286e-02, BC Loss: 2.5266e-01, Time: 4.29s
Epoch 15000, Total Loss: 3.3575e-01, PDE Loss: 3.9880e-02, BC Loss: 2.5102e-01, Time: 4.30s
Epoch 15100, Total Loss: 3.1704e-01, PDE Loss: 2.0360e-02, BC Loss: 2.5315e-01, Time: 4.30s
Epoch 15200, Total Loss: 3.0920e-01, PDE Loss: 1.7374e-02, BC Loss: 2.4878e-01, Time: 4.30s
Epoch 15300, Total Loss: 3.1948e-01, PDE Loss: 2.4028e-02, BC Loss: 2.5909e-01, Time: 4.29s
Epoch 15400, Total Loss: 3.0879e-01, PDE Loss: 1.4049e-02, BC Loss: 2.5241e-01, Time: 4.29s
Epoch 15500, Total Loss: 3.1616e-01, PDE Loss: 2.0874e-02, BC Loss: 2.5019e-01, Time: 4.29s
Epoch 15600, Total Loss: 3.2879e-01, PDE Loss: 3.5133e-02, BC Loss: 2.4844e-01, Time: 4.29s
Epoch 15700, Total Loss: 3.1035e-01, PDE Loss: 1.7312e-02, BC Loss: 2.5101e-01, Time: 4.29s
Epoch 15800, Total Loss: 2.9951e-01, PDE Loss: 7.7379e-03, BC Loss: 2.5331e-01, Time: 4.29s
Epoch 15900, Total Loss: 3.1666e-01, PDE Loss: 2.0688e-02, BC Loss: 2.5341e-01, Time: 4.29s
Epoch 16000, Total Loss: 3.0074e-01, PDE Loss: 1.1258e-02, BC Loss: 2.4780e-01, Time: 4.30s
Epoch 16100, Total Loss: 3.1041e-01, PDE Loss: 1.6010e-02, BC Loss: 2.4958e-01, Time: 4.30s
Epoch 16200, Total Loss: 3.0063e-01, PDE Loss: 8.2031e-03, BC Loss: 2.5145e-01, Time: 4.30s
Epoch 16300, Total Loss: 3.0440e-01, PDE Loss: 1.3455e-02, BC Loss: 2.4705e-01, Time: 4.30s
Epoch 16400, Total Loss: 3.1969e-01, PDE Loss: 2.1642e-02, BC Loss: 2.5381e-01, Time: 4.30s
Epoch 16500, Total Loss: 3.0883e-01, PDE Loss: 1.7672e-02, BC Loss: 2.4635e-01, Time: 4.30s
Epoch 16600, Total Loss: 3.0723e-01, PDE Loss: 1.2250e-02, BC Loss: 2.5173e-01, Time: 4.30s
Epoch 16700, Total Loss: 3.1778e-01, PDE Loss: 2.3047e-02, BC Loss: 2.5201e-01, Time: 4.29s
Epoch 16800, Total Loss: 3.0699e-01, PDE Loss: 1.5462e-02, BC Loss: 2.4894e-01, Time: 4.30s
Epoch 16900, Total Loss: 3.0816e-01, PDE Loss: 1.8085e-02, BC Loss: 2.5163e-01, Time: 4.30s
Epoch 17000, Total Loss: 3.0956e-01, PDE Loss: 1.7882e-02, BC Loss: 2.4913e-01, Time: 4.30s
Epoch 17100, Total Loss: 3.1600e-01, PDE Loss: 2.2827e-02, BC Loss: 2.5123e-01, Time: 4.29s
Epoch 17200, Total Loss: 3.0942e-01, PDE Loss: 1.9831e-02, BC Loss: 2.4462e-01, Time: 4.29s
Epoch 17300, Total Loss: 3.1002e-01, PDE Loss: 1.6065e-02, BC Loss: 2.5025e-01, Time: 4.29s
Epoch 17400, Total Loss: 3.0403e-01, PDE Loss: 1.1679e-02, BC Loss: 2.5298e-01, Time: 4.30s
Epoch 17500, Total Loss: 3.0531e-01, PDE Loss: 1.8462e-02, BC Loss: 2.4532e-01, Time: 4.30s
Epoch 17600, Total Loss: 2.9794e-01, PDE Loss: 9.6559e-03, BC Loss: 2.4535e-01, Time: 4.30s
Epoch 17700, Total Loss: 2.9696e-01, PDE Loss: 9.4669e-03, BC Loss: 2.4713e-01, Time: 4.30s
Epoch 17800, Total Loss: 3.0839e-01, PDE Loss: 1.5463e-02, BC Loss: 2.4819e-01, Time: 4.29s
Epoch 17900, Total Loss: 3.1612e-01, PDE Loss: 2.6327e-02, BC Loss: 2.4389e-01, Time: 4.29s
Epoch 18000, Total Loss: 3.0948e-01, PDE Loss: 1.9225e-02, BC Loss: 2.4771e-01, Time: 4.29s
Epoch 18100, Total Loss: 3.0283e-01, PDE Loss: 1.3944e-02, BC Loss: 2.4620e-01, Time: 4.30s
Epoch 18200, Total Loss: 2.9948e-01, PDE Loss: 1.2339e-02, BC Loss: 2.5012e-01, Time: 4.30s
Epoch 18300, Total Loss: 3.2844e-01, PDE Loss: 3.9689e-02, BC Loss: 2.4695e-01, Time: 4.30s
Epoch 18400, Total Loss: 3.1020e-01, PDE Loss: 2.2122e-02, BC Loss: 2.4978e-01, Time: 4.29s
Epoch 18500, Total Loss: 3.0026e-01, PDE Loss: 1.5956e-02, BC Loss: 2.4380e-01, Time: 4.30s
Epoch 18600, Total Loss: 3.1773e-01, PDE Loss: 2.3394e-02, BC Loss: 2.4572e-01, Time: 4.30s
Epoch 18700, Total Loss: 3.0345e-01, PDE Loss: 1.7138e-02, BC Loss: 2.4587e-01, Time: 4.29s
Epoch 18800, Total Loss: 3.1266e-01, PDE Loss: 1.9912e-02, BC Loss: 2.5279e-01, Time: 4.30s
Epoch 18900, Total Loss: 3.0001e-01, PDE Loss: 1.1071e-02, BC Loss: 2.4982e-01, Time: 4.29s
Epoch 19000, Total Loss: 2.9632e-01, PDE Loss: 9.4259e-03, BC Loss: 2.4463e-01, Time: 4.30s
Epoch 19100, Total Loss: 3.0673e-01, PDE Loss: 1.8036e-02, BC Loss: 2.4516e-01, Time: 4.30s
Epoch 19200, Total Loss: 3.0727e-01, PDE Loss: 1.9897e-02, BC Loss: 2.4984e-01, Time: 4.30s
Epoch 19300, Total Loss: 3.1908e-01, PDE Loss: 3.0606e-02, BC Loss: 2.4448e-01, Time: 4.30s
Epoch 19400, Total Loss: 2.9331e-01, PDE Loss: 8.4831e-03, BC Loss: 2.4364e-01, Time: 4.30s
Epoch 19500, Total Loss: 3.0492e-01, PDE Loss: 1.8198e-02, BC Loss: 2.4820e-01, Time: 4.30s
Epoch 19600, Total Loss: 3.0082e-01, PDE Loss: 1.1348e-02, BC Loss: 2.4893e-01, Time: 4.30s
Epoch 19700, Total Loss: 3.0023e-01, PDE Loss: 1.3708e-02, BC Loss: 2.4558e-01, Time: 4.29s
Epoch 19800, Total Loss: 3.0436e-01, PDE Loss: 1.7298e-02, BC Loss: 2.4610e-01, Time: 4.29s
Epoch 19900, Total Loss: 2.9794e-01, PDE Loss: 1.3271e-02, BC Loss: 2.4667e-01, Time: 4.30s
Epoch 0, Total Loss: 3.3553e-01, PDE Loss: 4.7319e-02, BC Loss: 2.4716e-01, Time: 0.15s
Epoch 100, Total Loss: 2.9952e-01, PDE Loss: 1.2866e-02, BC Loss: 2.4946e-01, Time: 10.29s
Epoch 200, Total Loss: 3.1992e-01, PDE Loss: 2.8227e-02, BC Loss: 2.4962e-01, Time: 10.63s
Epoch 300, Total Loss: 2.9734e-01, PDE Loss: 1.1995e-02, BC Loss: 2.4827e-01, Time: 11.28s
Epoch 400, Total Loss: 3.0456e-01, PDE Loss: 1.5763e-02, BC Loss: 2.4969e-01, Time: 9.45s
Epoch 500, Total Loss: 2.9918e-01, PDE Loss: 1.2375e-02, BC Loss: 2.4932e-01, Time: 5.15s
Epoch 600, Total Loss: 3.0017e-01, PDE Loss: 1.4533e-02, BC Loss: 2.4864e-01, Time: 5.02s
Epoch 700, Total Loss: 3.0067e-01, PDE Loss: 1.3106e-02, BC Loss: 2.4904e-01, Time: 5.37s
Epoch 800, Total Loss: 2.9665e-01, PDE Loss: 1.2257e-02, BC Loss: 2.4634e-01, Time: 5.19s
Epoch 900, Total Loss: 3.0046e-01, PDE Loss: 1.4986e-02, BC Loss: 2.4674e-01, Time: 5.63s
Epoch 1000, Total Loss: 2.9948e-01, PDE Loss: 1.2978e-02, BC Loss: 2.4866e-01, Time: 5.33s
Epoch 1100, Total Loss: 3.1306e-01, PDE Loss: 2.6429e-02, BC Loss: 2.4893e-01, Time: 5.28s
Epoch 1200, Total Loss: 3.0316e-01, PDE Loss: 1.6347e-02, BC Loss: 2.4704e-01, Time: 5.50s
Epoch 1300, Total Loss: 3.0540e-01, PDE Loss: 2.0163e-02, BC Loss: 2.4870e-01, Time: 5.93s
Epoch 1400, Total Loss: 3.0504e-01, PDE Loss: 1.9008e-02, BC Loss: 2.4762e-01, Time: 5.59s
Epoch 1500, Total Loss: 3.1657e-01, PDE Loss: 2.7316e-02, BC Loss: 2.4959e-01, Time: 5.33s
Epoch 1600, Total Loss: 3.2127e-01, PDE Loss: 3.1452e-02, BC Loss: 2.4923e-01, Time: 5.41s
Epoch 1700, Total Loss: 3.0871e-01, PDE Loss: 1.8781e-02, BC Loss: 2.4859e-01, Time: 5.37s
Epoch 1800, Total Loss: 3.0428e-01, PDE Loss: 1.6511e-02, BC Loss: 2.4977e-01, Time: 5.15s
Epoch 1900, Total Loss: 3.0725e-01, PDE Loss: 1.7220e-02, BC Loss: 2.4998e-01, Time: 5.54s
Epoch 2000, Total Loss: 2.9852e-01, PDE Loss: 1.3707e-02, BC Loss: 2.4688e-01, Time: 5.33s
Epoch 2100, Total Loss: 3.0588e-01, PDE Loss: 1.6665e-02, BC Loss: 2.5019e-01, Time: 5.24s
Epoch 2200, Total Loss: 3.0136e-01, PDE Loss: 1.7402e-02, BC Loss: 2.4602e-01, Time: 5.02s
Epoch 2300, Total Loss: 3.0026e-01, PDE Loss: 1.3344e-02, BC Loss: 2.4903e-01, Time: 5.59s
Epoch 2400, Total Loss: 3.0509e-01, PDE Loss: 1.6894e-02, BC Loss: 2.4741e-01, Time: 5.45s
Epoch 2500, Total Loss: 3.0174e-01, PDE Loss: 1.4515e-02, BC Loss: 2.4661e-01, Time: 5.28s
Epoch 2600, Total Loss: 3.1126e-01, PDE Loss: 2.4197e-02, BC Loss: 2.4857e-01, Time: 5.50s
Epoch 2700, Total Loss: 3.0899e-01, PDE Loss: 1.9274e-02, BC Loss: 2.4938e-01, Time: 5.15s
Epoch 2800, Total Loss: 3.0289e-01, PDE Loss: 1.4910e-02, BC Loss: 2.4928e-01, Time: 5.19s
Epoch 2900, Total Loss: 3.0192e-01, PDE Loss: 1.6607e-02, BC Loss: 2.4670e-01, Time: 5.41s
Epoch 3000, Total Loss: 3.0524e-01, PDE Loss: 1.8331e-02, BC Loss: 2.4763e-01, Time: 5.46s
Epoch 3100, Total Loss: 2.9452e-01, PDE Loss: 9.6065e-03, BC Loss: 2.4871e-01, Time: 5.32s
Epoch 3200, Total Loss: 3.0798e-01, PDE Loss: 1.7446e-02, BC Loss: 2.4961e-01, Time: 5.28s
Epoch 3300, Total Loss: 3.0320e-01, PDE Loss: 1.5241e-02, BC Loss: 2.4831e-01, Time: 5.76s
Epoch 3400, Total Loss: 3.0964e-01, PDE Loss: 1.9528e-02, BC Loss: 2.4953e-01, Time: 5.42s
Epoch 3500, Total Loss: 3.0702e-01, PDE Loss: 1.8290e-02, BC Loss: 2.5029e-01, Time: 4.93s
Epoch 3600, Total Loss: 3.0385e-01, PDE Loss: 1.6400e-02, BC Loss: 2.4752e-01, Time: 5.32s
Epoch 3700, Total Loss: 3.1025e-01, PDE Loss: 2.3628e-02, BC Loss: 2.4759e-01, Time: 5.19s
Epoch 3800, Total Loss: 3.0809e-01, PDE Loss: 1.8418e-02, BC Loss: 2.5025e-01, Time: 5.46s
Epoch 3900, Total Loss: 3.0310e-01, PDE Loss: 1.7382e-02, BC Loss: 2.4688e-01, Time: 5.28s
Epoch 4000, Total Loss: 2.9970e-01, PDE Loss: 1.5520e-02, BC Loss: 2.4583e-01, Time: 5.41s
Epoch 4100, Total Loss: 3.0662e-01, PDE Loss: 1.9088e-02, BC Loss: 2.4816e-01, Time: 5.45s
Epoch 4200, Total Loss: 2.9872e-01, PDE Loss: 1.2556e-02, BC Loss: 2.4803e-01, Time: 5.81s
Epoch 4300, Total Loss: 3.1323e-01, PDE Loss: 2.5554e-02, BC Loss: 2.4738e-01, Time: 5.41s
Epoch 4400, Total Loss: 3.0391e-01, PDE Loss: 1.5831e-02, BC Loss: 2.4992e-01, Time: 5.24s
Epoch 4500, Total Loss: 3.0170e-01, PDE Loss: 1.5575e-02, BC Loss: 2.4715e-01, Time: 5.67s
Epoch 4600, Total Loss: 3.0124e-01, PDE Loss: 1.2684e-02, BC Loss: 2.5148e-01, Time: 5.54s
Epoch 4700, Total Loss: 3.1597e-01, PDE Loss: 2.8004e-02, BC Loss: 2.4833e-01, Time: 5.41s
Epoch 4800, Total Loss: 3.0291e-01, PDE Loss: 1.6895e-02, BC Loss: 2.4662e-01, Time: 5.41s
Epoch 4900, Total Loss: 3.0182e-01, PDE Loss: 1.6055e-02, BC Loss: 2.4708e-01, Time: 5.28s
Epoch 5000, Total Loss: 2.9490e-01, PDE Loss: 9.2689e-03, BC Loss: 2.4904e-01, Time: 5.37s
Epoch 5100, Total Loss: 2.9868e-01, PDE Loss: 1.2547e-02, BC Loss: 2.4863e-01, Time: 5.15s
Epoch 5200, Total Loss: 3.0799e-01, PDE Loss: 1.9781e-02, BC Loss: 2.4904e-01, Time: 5.45s
Epoch 5300, Total Loss: 2.9987e-01, PDE Loss: 1.3064e-02, BC Loss: 2.4797e-01, Time: 5.50s
Epoch 5400, Total Loss: 3.0722e-01, PDE Loss: 1.8654e-02, BC Loss: 2.4925e-01, Time: 5.33s
Epoch 5500, Total Loss: 3.1274e-01, PDE Loss: 2.2870e-02, BC Loss: 2.4794e-01, Time: 5.15s
Epoch 5600, Total Loss: 3.1030e-01, PDE Loss: 2.0090e-02, BC Loss: 2.4982e-01, Time: 5.06s
Epoch 5700, Total Loss: 2.9981e-01, PDE Loss: 1.3986e-02, BC Loss: 2.4920e-01, Time: 5.37s
Epoch 5800, Total Loss: 3.0213e-01, PDE Loss: 1.4867e-02, BC Loss: 2.4948e-01, Time: 5.23s
Epoch 5900, Total Loss: 3.0068e-01, PDE Loss: 1.3296e-02, BC Loss: 2.4878e-01, Time: 5.80s
Epoch 6000, Total Loss: 2.9971e-01, PDE Loss: 1.3461e-02, BC Loss: 2.4916e-01, Time: 5.32s
Epoch 6100, Total Loss: 2.9870e-01, PDE Loss: 1.2676e-02, BC Loss: 2.4951e-01, Time: 5.54s
Epoch 6200, Total Loss: 2.9978e-01, PDE Loss: 1.3538e-02, BC Loss: 2.4638e-01, Time: 4.98s
Epoch 6300, Total Loss: 2.9960e-01, PDE Loss: 1.2877e-02, BC Loss: 2.5011e-01, Time: 5.19s
Epoch 6400, Total Loss: 3.0599e-01, PDE Loss: 1.7182e-02, BC Loss: 2.4848e-01, Time: 5.76s
Epoch 6500, Total Loss: 3.0141e-01, PDE Loss: 1.2950e-02, BC Loss: 2.4963e-01, Time: 5.59s
Epoch 6600, Total Loss: 2.9980e-01, PDE Loss: 1.3548e-02, BC Loss: 2.4808e-01, Time: 5.37s
Epoch 6700, Total Loss: 3.0288e-01, PDE Loss: 1.5045e-02, BC Loss: 2.5036e-01, Time: 5.19s
Epoch 6800, Total Loss: 3.0770e-01, PDE Loss: 2.0909e-02, BC Loss: 2.4760e-01, Time: 5.63s
Epoch 6900, Total Loss: 3.2211e-01, PDE Loss: 3.3351e-02, BC Loss: 2.4836e-01, Time: 5.24s
Epoch 7000, Total Loss: 3.0402e-01, PDE Loss: 1.5297e-02, BC Loss: 2.4835e-01, Time: 5.63s
Epoch 7100, Total Loss: 3.0631e-01, PDE Loss: 1.7793e-02, BC Loss: 2.5025e-01, Time: 5.15s
Epoch 7200, Total Loss: 3.0184e-01, PDE Loss: 1.3871e-02, BC Loss: 2.4984e-01, Time: 5.72s
Epoch 7300, Total Loss: 2.9333e-01, PDE Loss: 9.5740e-03, BC Loss: 2.4640e-01, Time: 5.54s
Epoch 7400, Total Loss: 2.9566e-01, PDE Loss: 1.0782e-02, BC Loss: 2.4784e-01, Time: 5.58s
Epoch 7500, Total Loss: 3.0788e-01, PDE Loss: 1.9888e-02, BC Loss: 2.4815e-01, Time: 5.41s
Epoch 7600, Total Loss: 3.2359e-01, PDE Loss: 3.3762e-02, BC Loss: 2.4896e-01, Time: 5.32s
Epoch 7700, Total Loss: 2.9994e-01, PDE Loss: 1.4380e-02, BC Loss: 2.4778e-01, Time: 5.24s
Epoch 7800, Total Loss: 3.0828e-01, PDE Loss: 1.9034e-02, BC Loss: 2.4741e-01, Time: 5.19s
Epoch 7900, Total Loss: 3.0370e-01, PDE Loss: 1.5120e-02, BC Loss: 2.4921e-01, Time: 5.63s
Epoch 8000, Total Loss: 3.0293e-01, PDE Loss: 1.6684e-02, BC Loss: 2.4963e-01, Time: 5.10s
Epoch 8100, Total Loss: 3.0103e-01, PDE Loss: 1.4662e-02, BC Loss: 2.4875e-01, Time: 5.98s
Epoch 8200, Total Loss: 3.0334e-01, PDE Loss: 1.7631e-02, BC Loss: 2.4681e-01, Time: 5.50s
Epoch 8300, Total Loss: 3.1023e-01, PDE Loss: 2.3778e-02, BC Loss: 2.4852e-01, Time: 5.32s
Epoch 8400, Total Loss: 3.1426e-01, PDE Loss: 2.5432e-02, BC Loss: 2.4882e-01, Time: 5.28s
Epoch 8500, Total Loss: 3.0437e-01, PDE Loss: 1.6746e-02, BC Loss: 2.4838e-01, Time: 5.28s
Epoch 8600, Total Loss: 3.0477e-01, PDE Loss: 1.5512e-02, BC Loss: 2.4913e-01, Time: 4.97s
Epoch 8700, Total Loss: 3.0163e-01, PDE Loss: 1.7083e-02, BC Loss: 2.4656e-01, Time: 5.36s
Epoch 8800, Total Loss: 3.1097e-01, PDE Loss: 2.0926e-02, BC Loss: 2.4921e-01, Time: 5.41s
Epoch 8900, Total Loss: 2.9737e-01, PDE Loss: 1.2909e-02, BC Loss: 2.4734e-01, Time: 5.41s
Epoch 9000, Total Loss: 3.1146e-01, PDE Loss: 2.5111e-02, BC Loss: 2.4770e-01, Time: 5.76s
Epoch 9100, Total Loss: 3.0669e-01, PDE Loss: 1.8492e-02, BC Loss: 2.4930e-01, Time: 5.15s
Epoch 9200, Total Loss: 2.9850e-01, PDE Loss: 1.2739e-02, BC Loss: 2.4889e-01, Time: 5.06s
Epoch 9300, Total Loss: 3.0533e-01, PDE Loss: 1.5193e-02, BC Loss: 2.5137e-01, Time: 5.58s
Epoch 9400, Total Loss: 2.9978e-01, PDE Loss: 1.7401e-02, BC Loss: 2.4624e-01, Time: 5.41s
Epoch 9500, Total Loss: 3.1043e-01, PDE Loss: 2.1957e-02, BC Loss: 2.4868e-01, Time: 5.50s
Epoch 9600, Total Loss: 3.1780e-01, PDE Loss: 3.0902e-02, BC Loss: 2.4862e-01, Time: 5.37s
Epoch 9700, Total Loss: 3.0760e-01, PDE Loss: 1.8562e-02, BC Loss: 2.4855e-01, Time: 5.54s
Epoch 9800, Total Loss: 3.0952e-01, PDE Loss: 1.7456e-02, BC Loss: 2.5078e-01, Time: 5.41s
Epoch 9900, Total Loss: 3.1091e-01, PDE Loss: 2.2066e-02, BC Loss: 2.4849e-01, Time: 5.32s
Epoch 10000, Total Loss: 3.0687e-01, PDE Loss: 1.9037e-02, BC Loss: 2.4935e-01, Time: 5.15s
Epoch 10100, Total Loss: 3.1140e-01, PDE Loss: 2.1879e-02, BC Loss: 2.4916e-01, Time: 5.28s
Epoch 10200, Total Loss: 3.0120e-01, PDE Loss: 1.4255e-02, BC Loss: 2.4878e-01, Time: 5.32s
Epoch 10300, Total Loss: 3.2279e-01, PDE Loss: 3.2490e-02, BC Loss: 2.4852e-01, Time: 5.41s
Epoch 10400, Total Loss: 2.9885e-01, PDE Loss: 1.3797e-02, BC Loss: 2.4620e-01, Time: 5.24s
Epoch 10500, Total Loss: 3.0429e-01, PDE Loss: 1.6639e-02, BC Loss: 2.4844e-01, Time: 5.45s
Epoch 10600, Total Loss: 3.1661e-01, PDE Loss: 2.6229e-02, BC Loss: 2.4875e-01, Time: 5.28s
Epoch 10700, Total Loss: 3.0321e-01, PDE Loss: 1.5271e-02, BC Loss: 2.4888e-01, Time: 5.15s
Epoch 10800, Total Loss: 3.0113e-01, PDE Loss: 1.3985e-02, BC Loss: 2.5010e-01, Time: 5.11s
Epoch 10900, Total Loss: 3.0908e-01, PDE Loss: 2.0562e-02, BC Loss: 2.4661e-01, Time: 5.28s
Epoch 11000, Total Loss: 3.0089e-01, PDE Loss: 1.5004e-02, BC Loss: 2.4843e-01, Time: 5.19s
Epoch 11100, Total Loss: 3.0554e-01, PDE Loss: 1.9761e-02, BC Loss: 2.4713e-01, Time: 5.41s
Epoch 11200, Total Loss: 3.1170e-01, PDE Loss: 2.5691e-02, BC Loss: 2.4743e-01, Time: 5.45s
Epoch 11300, Total Loss: 2.9804e-01, PDE Loss: 1.3117e-02, BC Loss: 2.4588e-01, Time: 5.28s
Epoch 11400, Total Loss: 3.0720e-01, PDE Loss: 1.9460e-02, BC Loss: 2.4926e-01, Time: 5.37s
Epoch 11500, Total Loss: 3.0586e-01, PDE Loss: 1.9990e-02, BC Loss: 2.4812e-01, Time: 5.72s
Epoch 11600, Total Loss: 2.9888e-01, PDE Loss: 1.0922e-02, BC Loss: 2.4842e-01, Time: 5.15s
Epoch 11700, Total Loss: 3.0516e-01, PDE Loss: 2.1096e-02, BC Loss: 2.4737e-01, Time: 5.37s
Epoch 11800, Total Loss: 2.9639e-01, PDE Loss: 1.3216e-02, BC Loss: 2.4633e-01, Time: 5.15s
Epoch 11900, Total Loss: 3.0389e-01, PDE Loss: 1.7922e-02, BC Loss: 2.4834e-01, Time: 5.10s
Epoch 12000, Total Loss: 3.0437e-01, PDE Loss: 1.6490e-02, BC Loss: 2.4931e-01, Time: 5.28s
Epoch 12100, Total Loss: 3.0534e-01, PDE Loss: 1.7211e-02, BC Loss: 2.4749e-01, Time: 5.59s
Epoch 12200, Total Loss: 3.1568e-01, PDE Loss: 2.6217e-02, BC Loss: 2.4887e-01, Time: 5.50s
Epoch 12300, Total Loss: 3.1484e-01, PDE Loss: 2.2625e-02, BC Loss: 2.4734e-01, Time: 5.54s
Epoch 12400, Total Loss: 3.0359e-01, PDE Loss: 1.8783e-02, BC Loss: 2.4670e-01, Time: 5.67s
Epoch 12500, Total Loss: 2.9682e-01, PDE Loss: 1.0934e-02, BC Loss: 2.4906e-01, Time: 5.63s
Epoch 12600, Total Loss: 3.0568e-01, PDE Loss: 1.8427e-02, BC Loss: 2.4762e-01, Time: 5.58s
Epoch 12700, Total Loss: 3.0433e-01, PDE Loss: 1.8786e-02, BC Loss: 2.4804e-01, Time: 5.28s
Epoch 12800, Total Loss: 2.9650e-01, PDE Loss: 1.1317e-02, BC Loss: 2.4931e-01, Time: 5.45s
Epoch 12900, Total Loss: 2.9653e-01, PDE Loss: 1.2200e-02, BC Loss: 2.4735e-01, Time: 5.32s
Epoch 13000, Total Loss: 3.0294e-01, PDE Loss: 1.6966e-02, BC Loss: 2.4786e-01, Time: 5.41s
Epoch 13100, Total Loss: 3.0889e-01, PDE Loss: 2.0779e-02, BC Loss: 2.4822e-01, Time: 5.33s
Epoch 13200, Total Loss: 2.9874e-01, PDE Loss: 1.3635e-02, BC Loss: 2.4641e-01, Time: 5.93s
Epoch 13300, Total Loss: 3.0504e-01, PDE Loss: 1.7909e-02, BC Loss: 2.4760e-01, Time: 5.15s
Epoch 13400, Total Loss: 3.0663e-01, PDE Loss: 1.6584e-02, BC Loss: 2.5068e-01, Time: 5.32s
Epoch 13500, Total Loss: 3.1267e-01, PDE Loss: 2.5606e-02, BC Loss: 2.4725e-01, Time: 5.58s
Epoch 13600, Total Loss: 3.0871e-01, PDE Loss: 2.0966e-02, BC Loss: 2.4906e-01, Time: 5.58s
Epoch 13700, Total Loss: 3.0447e-01, PDE Loss: 1.5914e-02, BC Loss: 2.4953e-01, Time: 5.93s
Epoch 13800, Total Loss: 3.1362e-01, PDE Loss: 2.4793e-02, BC Loss: 2.4999e-01, Time: 5.20s
Epoch 13900, Total Loss: 3.0682e-01, PDE Loss: 1.8127e-02, BC Loss: 2.4868e-01, Time: 5.33s
Epoch 14000, Total Loss: 3.0181e-01, PDE Loss: 1.3572e-02, BC Loss: 2.4978e-01, Time: 5.37s
Epoch 14100, Total Loss: 3.0295e-01, PDE Loss: 1.4948e-02, BC Loss: 2.4845e-01, Time: 5.41s
Epoch 14200, Total Loss: 3.0121e-01, PDE Loss: 1.2810e-02, BC Loss: 2.5070e-01, Time: 5.45s
Epoch 14300, Total Loss: 2.9671e-01, PDE Loss: 1.2921e-02, BC Loss: 2.4810e-01, Time: 5.32s
Epoch 14400, Total Loss: 2.9975e-01, PDE Loss: 1.3943e-02, BC Loss: 2.4773e-01, Time: 5.15s
Epoch 14500, Total Loss: 3.0082e-01, PDE Loss: 1.3991e-02, BC Loss: 2.4878e-01, Time: 5.49s
Epoch 14600, Total Loss: 2.9915e-01, PDE Loss: 1.3442e-02, BC Loss: 2.4888e-01, Time: 5.45s
Epoch 14700, Total Loss: 3.0487e-01, PDE Loss: 1.7272e-02, BC Loss: 2.4730e-01, Time: 5.32s
Epoch 14800, Total Loss: 3.0012e-01, PDE Loss: 1.5251e-02, BC Loss: 2.4664e-01, Time: 5.19s
Epoch 14900, Total Loss: 3.0933e-01, PDE Loss: 2.1665e-02, BC Loss: 2.4838e-01, Time: 5.76s
Epoch 15000, Total Loss: 3.0376e-01, PDE Loss: 1.4149e-02, BC Loss: 2.5078e-01, Time: 5.50s
Epoch 15100, Total Loss: 3.0303e-01, PDE Loss: 1.3535e-02, BC Loss: 2.4888e-01, Time: 5.50s
Epoch 15200, Total Loss: 3.1641e-01, PDE Loss: 2.8318e-02, BC Loss: 2.4868e-01, Time: 5.28s
Epoch 15300, Total Loss: 3.1993e-01, PDE Loss: 2.9732e-02, BC Loss: 2.4984e-01, Time: 5.23s
Epoch 15400, Total Loss: 3.0046e-01, PDE Loss: 1.4433e-02, BC Loss: 2.4695e-01, Time: 5.72s
Epoch 15500, Total Loss: 3.0484e-01, PDE Loss: 1.9158e-02, BC Loss: 2.4798e-01, Time: 5.54s
Epoch 15600, Total Loss: 3.0282e-01, PDE Loss: 1.6149e-02, BC Loss: 2.4865e-01, Time: 5.15s
Epoch 15700, Total Loss: 3.1185e-01, PDE Loss: 2.0605e-02, BC Loss: 2.5086e-01, Time: 5.23s
Epoch 15800, Total Loss: 2.9894e-01, PDE Loss: 1.3388e-02, BC Loss: 2.4709e-01, Time: 5.45s
Epoch 15900, Total Loss: 3.0530e-01, PDE Loss: 1.6765e-02, BC Loss: 2.4757e-01, Time: 5.24s
Epoch 16000, Total Loss: 3.0755e-01, PDE Loss: 1.9078e-02, BC Loss: 2.4925e-01, Time: 5.19s
Epoch 16100, Total Loss: 3.0109e-01, PDE Loss: 1.4587e-02, BC Loss: 2.4841e-01, Time: 4.93s
Epoch 16200, Total Loss: 3.1408e-01, PDE Loss: 2.5965e-02, BC Loss: 2.4888e-01, Time: 5.33s
Epoch 16300, Total Loss: 2.9872e-01, PDE Loss: 1.1648e-02, BC Loss: 2.4859e-01, Time: 5.50s
Epoch 16400, Total Loss: 3.1279e-01, PDE Loss: 2.6270e-02, BC Loss: 2.4903e-01, Time: 5.72s
Epoch 16500, Total Loss: 3.2583e-01, PDE Loss: 3.4960e-02, BC Loss: 2.5059e-01, Time: 5.32s
Epoch 16600, Total Loss: 3.0166e-01, PDE Loss: 1.3349e-02, BC Loss: 2.4866e-01, Time: 5.58s
Epoch 16700, Total Loss: 3.0313e-01, PDE Loss: 1.4524e-02, BC Loss: 2.5005e-01, Time: 5.28s
Epoch 16800, Total Loss: 2.9787e-01, PDE Loss: 1.1909e-02, BC Loss: 2.4864e-01, Time: 5.36s
Epoch 16900, Total Loss: 2.9797e-01, PDE Loss: 1.3379e-02, BC Loss: 2.4612e-01, Time: 5.45s
Epoch 17000, Total Loss: 2.9909e-01, PDE Loss: 1.2878e-02, BC Loss: 2.4897e-01, Time: 5.49s
Epoch 17100, Total Loss: 3.0540e-01, PDE Loss: 1.6402e-02, BC Loss: 2.5101e-01, Time: 5.89s
Epoch 17200, Total Loss: 2.9923e-01, PDE Loss: 1.3772e-02, BC Loss: 2.4845e-01, Time: 5.45s
Epoch 17300, Total Loss: 3.0665e-01, PDE Loss: 1.7820e-02, BC Loss: 2.4871e-01, Time: 5.11s
Epoch 17400, Total Loss: 3.0753e-01, PDE Loss: 1.9067e-02, BC Loss: 2.4866e-01, Time: 5.32s
Epoch 17500, Total Loss: 3.0604e-01, PDE Loss: 1.7543e-02, BC Loss: 2.5057e-01, Time: 5.37s
Epoch 17600, Total Loss: 3.0383e-01, PDE Loss: 1.5911e-02, BC Loss: 2.4973e-01, Time: 5.63s
Epoch 17700, Total Loss: 2.9819e-01, PDE Loss: 1.0283e-02, BC Loss: 2.4996e-01, Time: 5.15s
Epoch 17800, Total Loss: 3.0863e-01, PDE Loss: 2.0739e-02, BC Loss: 2.4806e-01, Time: 5.37s
Epoch 17900, Total Loss: 3.2858e-01, PDE Loss: 4.0183e-02, BC Loss: 2.4725e-01, Time: 5.63s
Epoch 18000, Total Loss: 3.2953e-01, PDE Loss: 3.9189e-02, BC Loss: 2.4942e-01, Time: 5.67s
Epoch 18100, Total Loss: 3.0643e-01, PDE Loss: 1.9614e-02, BC Loss: 2.4755e-01, Time: 5.41s
Epoch 18200, Total Loss: 2.9081e-01, PDE Loss: 8.5120e-03, BC Loss: 2.4744e-01, Time: 5.41s
Epoch 18300, Total Loss: 2.9922e-01, PDE Loss: 1.3265e-02, BC Loss: 2.4792e-01, Time: 5.50s
Epoch 18400, Total Loss: 3.0073e-01, PDE Loss: 1.4878e-02, BC Loss: 2.4716e-01, Time: 5.19s
Epoch 18500, Total Loss: 3.0539e-01, PDE Loss: 1.7861e-02, BC Loss: 2.4718e-01, Time: 5.32s
Epoch 18600, Total Loss: 3.1590e-01, PDE Loss: 2.8022e-02, BC Loss: 2.5032e-01, Time: 5.37s
Epoch 18700, Total Loss: 3.0121e-01, PDE Loss: 1.4767e-02, BC Loss: 2.4787e-01, Time: 5.58s
Epoch 18800, Total Loss: 3.0200e-01, PDE Loss: 1.5032e-02, BC Loss: 2.4823e-01, Time: 5.41s
Epoch 18900, Total Loss: 3.1110e-01, PDE Loss: 2.2867e-02, BC Loss: 2.4920e-01, Time: 5.63s
Epoch 19000, Total Loss: 2.9363e-01, PDE Loss: 9.9535e-03, BC Loss: 2.4736e-01, Time: 5.63s
Epoch 19100, Total Loss: 3.1847e-01, PDE Loss: 3.0664e-02, BC Loss: 2.4867e-01, Time: 5.54s
Epoch 19200, Total Loss: 3.0833e-01, PDE Loss: 2.0241e-02, BC Loss: 2.4686e-01, Time: 4.97s
Epoch 19300, Total Loss: 3.0661e-01, PDE Loss: 1.4791e-02, BC Loss: 2.5117e-01, Time: 5.32s
Epoch 19400, Total Loss: 3.2037e-01, PDE Loss: 3.1684e-02, BC Loss: 2.4788e-01, Time: 5.45s
Epoch 19500, Total Loss: 3.0573e-01, PDE Loss: 1.7111e-02, BC Loss: 2.4806e-01, Time: 5.36s
Epoch 19600, Total Loss: 2.9883e-01, PDE Loss: 1.0962e-02, BC Loss: 2.5074e-01, Time: 5.41s
Epoch 19700, Total Loss: 3.1094e-01, PDE Loss: 2.2670e-02, BC Loss: 2.4765e-01, Time: 5.32s
Epoch 19800, Total Loss: 3.0799e-01, PDE Loss: 1.9668e-02, BC Loss: 2.4805e-01, Time: 5.36s
Epoch 19900, Total Loss: 3.0481e-01, PDE Loss: 1.7988e-02, BC Loss: 2.4884e-01, Time: 5.37s
